{
  "RSpec": {
    "coverage": {
      "/Users/cloud/geekpark/omniauth-geekpark/lib/omniauth-geekpark.rb": [
        1,
        1
      ],
      "/Users/cloud/geekpark/omniauth-geekpark/lib/omniauth/strategies/geekpark.rb": [
        1,
        null,
        1,
        1,
        1,
        1,
        null,
        null,
        null,
        null,
        null,
        1,
        null,
        1,
        null,
        null,
        null,
        null,
        null,
        null,
        null,
        null,
        null,
        0,
        null,
        null,
        1,
        0,
        null,
        null,
        null,
        null,
        null,
        1
      ]
    },
    "timestamp": 1428468280
  }
}
